[0m[[0m[0mdebug[0m] [0m[0m> Exec(submit kaiyhirota@gmail.com 86YtBPdyjPq43GgH, None, None)[0m
[0m[[0m[0mdebug[0m] [0m[0mEvaluating tasks: submit[0m
[0m[[0m[0mdebug[0m] [0m[0mRunning task... Cancel: Signal, check cycles: false, forcegc: true[0m
[0m[[0m[0minfo[0m] [0m[0mcompiling 8 Scala sources to /Users/Kai/Dropbox/Documents/Code/scala/Functional Programming Scala/effective_programming/wikigraph/target/scala-3.0.0/classes ...[0m
[0m[[0m[0minfo[0m] [0m[0mdone compiling[0m
[0m[[0m[0minfo[0m] [0m[0mAttempting to submit "wikigraph" assignment in "effective-scala" course[0m
[0m[[0m[0minfo[0m] [0m[0mUsing:[0m
[0m[[0m[0minfo[0m] [0m[0m- email: kaiyhirota@gmail.com[0m
[0m[[0m[0minfo[0m] [0m[0m- submit token: 86YtBPdyjPq43GgH[0m
[0m[[0m[0minfo[0m] [0m[0mConnecting to Coursera...[0m
[0m[[0m[0minfo[0m] [0m[0mSuccessfully connected to Coursera. (Status 201)[0m
[0m[[0m[0minfo[0m] [0m[0m[0m
[0m[[0m[0minfo[0m] [0m[0mAssignment submitted successfully![0m
[0m[[0m[0minfo[0m] [0m[0m[0m
[0m[[0m[0minfo[0m] [0m[0mYou can see how you scored by going to:[0m
[0m[[0m[0minfo[0m] [0m[0mhttps://www.coursera.org/learn/effective-scala/programming/GoEVe/[0m
[0m[[0m[0minfo[0m] [0m[0mor (for premium learners):[0m
[0m[[0m[0minfo[0m] [0m[0mhttps://www.coursera.org/learn/effective-scala/programming/FhBzJ[0m
[0m[[0m[0minfo[0m] [0m[0m                       [0m
[0m[[0m[0minfo[0m] [0m[0mand clicking on "My Submission".[0m
[0m[[0m[32msuccess[0m] [0m[0mTotal time: 9 s, completed Jul 24, 2021, 8:24:29 PM[0m
[0m[[0m[0mdebug[0m] [0m[0m> Exec(idea-shell, None, None)[0m
