[0m[[0m[0mdebug[0m] [0m[0m> Exec(all {file:/Users/Kai/Dropbox/Documents/Code/scala/Functional%20Programming%20Scala/}functional-programming-scala/products {file:/Users/Kai/Dropbox/Documents/Code/scala/Functional%20Programming%20Scala/}functional-programming-scala/test:products, None, None)[0m
[0m[[0m[0mdebug[0m] [0m[0mEvaluating tasks: Compile / products, Test / products[0m
[0m[[0m[0mdebug[0m] [0m[0mRunning task... Cancel: Signal, check cycles: false, forcegc: true[0m
[0m[[0m[0minfo[0m] [0m[0mcompiling 1 Scala source to /Users/Kai/Dropbox/Documents/Code/scala/Functional Programming Scala/target/scala-2.13/test-classes ...[0m
[0m[[0m[31merror[0m] [0m[0m/Users/Kai/Dropbox/Documents/Code/scala/Functional Programming Scala/src/test/scala/PascalTest.scala:2:12: object scalatest is not a member of package org[0m
[0m[[0m[31merror[0m] [0m[0mimport org.scalatest.FunSuite[0m
[0m[[0m[31merror[0m] [0m[0m           ^[0m
[0m[[0m[31merror[0m] [0m[0m/Users/Kai/Dropbox/Documents/Code/scala/Functional Programming Scala/src/test/scala/PascalTest.scala:4:26: not found: type FunSuite[0m
[0m[[0m[31merror[0m] [0m[0mclass PascalTest extends FunSuite {[0m
[0m[[0m[31merror[0m] [0m[0m                         ^[0m
[0m[[0m[31merror[0m] [0m[0m/Users/Kai/Dropbox/Documents/Code/scala/Functional Programming Scala/src/test/scala/PascalTest.scala:5:3: not found: value test[0m
[0m[[0m[31merror[0m] [0m[0m  test("Pascal.get_pascal") {[0m
[0m[[0m[31merror[0m] [0m[0m  ^[0m
[0m[[0m[31merror[0m] [0m[0m/Users/Kai/Dropbox/Documents/Code/scala/Functional Programming Scala/src/test/scala/PascalTest.scala:6:36: value === is not a member of Int[0m
[0m[[0m[31merror[0m] [0m[0m    assert(Pascal.get_pascal(2, 4) === 6)[0m
[0m[[0m[31merror[0m] [0m[0m                                   ^[0m
[0m[[0m[31merror[0m] [0m[0mfour errors found[0m
[0m[[0m[31merror[0m] [0m[0m(Test / [31mcompileIncremental[0m) Compilation failed[0m
[0m[[0m[31merror[0m] [0m[0mTotal time: 1 s, completed Jun 29, 2021, 5:06:09 PM[0m
[0m[[0m[0mdebug[0m] [0m[0m> Exec(idea-shell, None, None)[0m
